{"message":"Listening for peer-to-peer connections on: 5001","level":"info"}
{"message":"Listening for peer-to-peer connections on: 5002","level":"info"}
{"message":" [*] Waiting for messages in %s. To exit press CTRL+C","level":"info"}
{"message":" [*] Waiting for messages in %s. To exit press CTRL+C","level":"info"}
{"message":"Listening for peer-to-peer connections on: 5001","level":"info"}
{"message":"Listening for peer-to-peer connections on: 5002","level":"info"}
{"message":" [*] Waiting for messages in %s. To exit press CTRL+C","level":"info"}
{"message":" [*] Waiting for messages in %s. To exit press CTRL+C","level":"info"}
{"message":"Listening for peer-to-peer connections on: 5002","level":"info"}
{"message":"App listening on port 3002!","level":"info"}
{"message":"Listening for peer-to-peer connections on: 5001","level":"info"}
{"message":"App listening on port 3001!","level":"info"}
{"message":" [*] Waiting for messages in %s. To exit press CTRL+C","level":"info"}
{"message":" [*] Waiting for messages in %s. To exit press CTRL+C","level":"info"}
{"message":"Listening for peer-to-peer connections on: 5001","level":"info"}
{"message":"App listening on port 3001!","level":"info"}
{"message":"Listening for peer-to-peer connections on: 5002","level":"info"}
{"message":"App listening on port 3002!","level":"info"}
{"message":" [*] Waiting for messages in %s. To exit press CTRL+C","level":"info"}
{"message":" [*] Waiting for messages in %s. To exit press CTRL+C","level":"info"}
{"message":"Listening for peer-to-peer connections on: 5001","level":"info"}
{"message":"App listening on port 3001!","level":"info"}
{"message":"Listening for peer-to-peer connections on: 5002","level":"info"}
{"message":"App listening on port 3002!","level":"info"}
{"message":" [*] Waiting for messages in %s. To exit press CTRL+C","level":"info"}
{"message":" [*] Waiting for messages in %s. To exit press CTRL+C","level":"info"}
{"message":"Listening for peer-to-peer connections on: 5001","level":"info"}
{"message":"App listening on port 3001!","level":"info"}
{"message":" [*] Waiting for messages in %s. To exit press CTRL+C","level":"info"}
{"message":"Listening for peer-to-peer connections on: 5002","level":"info"}
{"message":"App listening on port 3002!","level":"info"}
{"message":" [*] Waiting for messages in %s. To exit press CTRL+C","level":"info"}
{"message":" [x] Received %s","level":"info"}
{"message":"Parsing event...","level":"info"}
{"message":"Event: {\"header\":{\"eventID\":\"46942072-7276-46aa-9b71-49603b51c976\",\"correlationID\":\"a7e82d91-32de-444d-b378-04e210f61a26\",\"token\":\"eyJhbGciOiJIUzI1NiIsInR5cCI6IkpXVCJ9\",\"status\":\"created\",\"type\":\"standard\",\"redelivered\":false,\"timestamp\":1587546942643},\"reqHeaders\":{},\"data\":{\"query\":\"CREATE (a:Person {name: $name}) RETURN a\",\"params\":{\"name\":\"personName\"}}}","level":"info"}
{"message":"Failed to validate event object: SyntaxError: Unexpected token o in JSON at position 1","level":"error"}
{"message":"Push event to queue error: ReferenceError: err is not defined","level":"error"}
{"message":"Push event to queue data: \"{\\\"header\\\":{\\\"eventID\\\":\\\"46942072-7276-46aa-9b71-49603b51c976\\\",\\\"correlationID\\\":\\\"a7e82d91-32de-444d-b378-04e210f61a26\\\",\\\"token\\\":\\\"eyJhbGciOiJIUzI1NiIsInR5cCI6IkpXVCJ9\\\",\\\"status\\\":\\\"created\\\",\\\"type\\\":\\\"standard\\\",\\\"redelivered\\\":false,\\\"timestamp\\\":1587546942643},\\\"reqHeaders\\\":{},\\\"data\\\":{\\\"query\\\":\\\"CREATE (a:Person {name: $name}) RETURN a\\\",\\\"params\\\":{\\\"name\\\":\\\"personName\\\"}}}\"","level":"error"}
